[4:23] url:/game IP:::1 
[4:23] url:/ IP:::1 
[4:50] url:/ IP:::1 
[4:50] url:/ IP:::1 
[4:50] url:/ IP:::1 
[4:50] url:/ IP:::1 
[4:50] url:/ IP:::1 
[4:52] url:/ IP:::1 
[4:55] url:/ IP:::1 
[4:55] url:/ IP:::1 
[4:55] url:/sasd IP:::1 
[4:55] url:/sasd/asdasd IP:::1 
[5:2] url:/sasd/asdasd IP:::1 
[5:2] url:/ IP:::1 
[5:5] url:/ IP:::1 
[5:5] url:/css/style.css IP:::1 
[5:5] url:/js/canvas.js IP:::1 
[5:5] url:/ IP:::1 
[5:6] url:/ IP:::1 
[5:6] url:/css/style.css IP:::1 
[5:6] url:/js/canvas.js IP:::1 
[5:7] url:/ IP:::1 
[5:7] url:/css/style.css IP:::1 
[5:7] url:/js/canvas.js IP:::1 
[5:10] url:/ IP:::1 
[5:10] url:/ IP:::1 
[5:11] url:/ IP:::1 
[5:12] url:/ IP:::1 
[5:12] url:/ IP:::1 
[5:12] url:/ IP:::1 
[5:13] url:/ IP:::1 
[5:13] url:/ IP:::1 
[5:14] url:/ IP:::1 
[5:14] url:/css/style.css IP:::1 
[5:14] url:/js/canvas.js IP:::1 
[5:15] url:/ IP:::1 
[5:15] url:/css/style.css IP:::1 
[5:15] url:/js/canvas.js IP:::1 
[5:15] url:/ IP:::1 
[5:15] url:/css/style.css IP:::1 
[5:15] url:/js/canvas.js IP:::1 
[5:15] url:/ IP:::1 
[5:15] url:/css/style.css IP:::1 
[5:15] url:/js/canvas.js IP:::1 
[5:15] url:/r IP:::1 
[5:15] url:/r IP:::1 
[5:15] url:/css/style.css IP:::1 
[5:17] url:/r IP:::1 
[5:17] url:/css/style.css IP:::1 
[5:17] url:/ IP:::1 
[5:17] url:/css/style.css IP:::1 
[5:17] url:/js/canvas.js IP:::1 
[5:19] url:/r IP:::1 
[5:19] url:/css/style.css IP:::1 
[5:31] url:/r IP:::1 
[5:31] url:/css/style.css IP:::1 
[5:32] url:/r IP:::1 
[5:32] url:/css/style.css IP:::1 
[5:32] url:/index.html IP:::1 
[5:33] url:/r IP:::1 
[5:33] url:/css/style.css IP:::1 
[5:33] url:/r IP:::1 
[5:33] url:/css/style.css IP:::1 
[5:33] url:/index IP:::1 
[5:35] url:/r IP:::1 
[5:35] url:/css/style.css IP:::1 
[5:35] url:/reg IP:::1 
[5:35] url:/reg IP:::1 
[5:43] url:/reg IP:::1 
[5:43] url:/registration IP:::1 
[5:43] url:/css/style.css IP:::1 
[5:43] url:/registration IP:::1 
[5:43] url:/css/style.css IP:::1 
[5:43] url:/registration IP:::1 
[5:44] url:/registration IP:::1 
[5:44] url:/registrati IP:::1 
[5:44] url:/registration IP:::1 
[5:44] url:/css/style.css IP:::1 
[5:44] url:/registration IP:::1 
[5:46] url:/registration IP:::1 
[5:46] url:/css/style.css IP:::1 
[5:46] url:/registration IP:::1 
[5:46] url:/css/style.css IP:::1 
[5:46] url:/favicon.ico IP:::1 
[5:46] url:/registration IP:::1 
[5:46] url:/registration IP:::1 
[5:46] url:/registration IP:::1 
[5:46] url:/css/style.css IP:::1 
[5:46] url:/css/style.css IP:::1 
[5:46] url:/favicon.ico IP:::1 
[5:46] url:/registration IP:::1 
[5:46] url:/registration IP:::1 
[5:46] url:/css/style.css IP:::1 
[5:46] url:/css/style.css IP:::1 
[5:46] url:/favicon.ico IP:::1 
[5:46] url:/registration IP:::1 
[5:46] url:/registration IP:::1 
[5:46] url:/css/style.css IP:::1 
[5:46] url:/css/style.css IP:::1 
[5:46] url:/favicon.ico IP:::1 
[5:46] url:/ IP:::1 
[5:46] url:/ IP:::1 
[5:46] url:/css/style.css IP:::1 
[5:46] url:/js/canvas.js IP:::1 
[5:46] url:/css/style.css IP:::1 
[5:46] url:/js/canvas.js IP:::1 
[5:46] url:/favicon.ico IP:::1 
[5:46] url:/registration IP:::1 
[5:46] url:/css/style.css IP:::1 
[5:46] url:/registration IP:::1 
[5:46] url:/css/style.css IP:::1 
[5:46] url:/favicon.ico IP:::1 
[5:47] url:/registration IP:::1 
[5:47] url:/registration IP:::1 
[5:47] url:/css/style.css IP:::1 
[5:47] url:/favicon.ico IP:::1 
[5:47] url:/css/style.css IP:::1 
[5:47] url:/favicon.ico IP:::1 
[5:47] url:/registration IP:::1 
[5:48] url:/registration IP:::1 
[5:48] url:/registration IP:::1 
[5:48] url:/registration IP:::1 
[5:48] url:/registration IP:::1 
[5:48] url:/registration IP:::1 
[5:48] url:/css/style.css IP:::1 
[5:48] url:/favicon.ico IP:::1 
[5:48] url:/registration IP:::1 
[5:49] url:/ IP:::1 
[5:49] url:/ IP:::1 
[5:49] url:/css/style.css IP:::1 
[5:49] url:/js/canvas.js IP:::1 
[5:49] url:/css/style.css IP:::1 
[5:49] url:/js/canvas.js IP:::1 
[5:49] url:/favicon.ico IP:::1 
[5:49] url:/registration IP:::1 
[5:49] url:/css/style.css IP:::1 
[5:49] url:/registration IP:::1 
[5:49] url:/css/style.css IP:::1 
[5:49] url:/favicon.ico IP:::1 
[5:49] url:/registration IP:::1 
